# JRE version: OpenJDK Runtime Environment Temurin-17.0.1+12 (17.0.1+12) (build 17.0.1+12)
# Java VM: OpenJDK 64-Bit Server VM Temurin-17.0.1+12 (17.0.1+12, mixed mode, emulated-client, tiered, compressed oops, compressed class ptrs, g1 gc, windows-amd64)
GC Precious Log:
 CPUs: 8 total, 8 available
 Memory: 16182M
 Large Page Support: Disabled
 NUMA Support: Disabled
 Compressed Oops: Enabled (Zero based)
 Heap Region Size: 2M
 Heap Min Capacity: 8M
 Heap Initial Capacity: 254M
 Heap Max Capacity: 4046M
 Pre-touch: Disabled
 Parallel Workers: 8
 Concurrent Workers: 2
 Concurrent Refinement Workers: 8
 Periodic GC: Disabled
Heap:
 garbage-first heap   total 81920K, used 50784K [0x0000000703200000, 0x0000000800000000)
  region size 2048K, 16 young (32768K), 3 survivors (6144K)
 Metaspace       used 59429K, committed 60672K, reserved 1105920K
  class space    used 7579K, committed 8192K, reserved 1048576K
GC Heap History (20 events):
Event: 612.918 GC heap before
{Heap before GC invocations=86 (full 20):
 garbage-first heap   total 81920K, used 61249K [0x0000000703200000, 0x0000000800000000)
  region size 2048K, 20 young (40960K), 2 survivors (4096K)
 Metaspace       used 58705K, committed 59840K, reserved 1105920K
  class space    used 7503K, committed 8064K, reserved 1048576K
}
Event: 612.921 GC heap after
{Heap after GC invocations=87 (full 20):
 garbage-first heap   total 81920K, used 26036K [0x0000000703200000, 0x0000000800000000)
  region size 2048K, 3 young (6144K), 3 survivors (6144K)
 Metaspace       used 58705K, committed 59840K, reserved 1105920K
  class space    used 7503K, committed 8064K, reserved 1048576K
}
Event: 615.542 GC heap before
{Heap before GC invocations=87 (full 20):
 garbage-first heap   total 81920K, used 48564K [0x0000000703200000, 0x0000000800000000)
  region size 2048K, 15 young (30720K), 3 survivors (6144K)
 Metaspace       used 58741K, committed 59904K, reserved 1105920K
  class space    used 7507K, committed 8064K, reserved 1048576K
}
Event: 615.577 GC heap after
{Heap after GC invocations=88 (full 21):
 garbage-first heap   total 81920K, used 21524K [0x0000000703200000, 0x0000000800000000)
  region size 2048K, 0 young (0K), 0 survivors (0K)
 Metaspace       used 58735K, committed 59904K, reserved 1105920K
  class space    used 7506K, committed 8064K, reserved 1048576K
}
Event: 615.936 GC heap before
{Heap before GC invocations=88 (full 21):
 garbage-first heap   total 81920K, used 62484K [0x0000000703200000, 0x0000000800000000)
  region size 2048K, 20 young (40960K), 0 survivors (0K)
 Metaspace       used 58776K, committed 59968K, reserved 1105920K
  class space    used 7515K, committed 8128K, reserved 1048576K
}
Event: 615.939 GC heap after
{Heap after GC invocations=89 (full 21):
 garbage-first heap   total 81920K, used 24474K [0x0000000703200000, 0x0000000800000000)
  region size 2048K, 2 young (4096K), 2 survivors (4096K)
 Metaspace       used 58776K, committed 59968K, reserved 1105920K
  class space    used 7515K, committed 8128K, reserved 1048576K
}
Event: 616.262 GC heap before
{Heap before GC invocations=89 (full 21):
 garbage-first heap   total 81920K, used 61338K [0x0000000703200000, 0x0000000800000000)
  region size 2048K, 20 young (40960K), 2 survivors (4096K)
 Metaspace       used 58905K, committed 60096K, reserved 1105920K
  class space    used 7526K, committed 8128K, reserved 1048576K
}
Event: 616.265 GC heap after
{Heap after GC invocations=90 (full 21):
 garbage-first heap   total 81920K, used 26057K [0x0000000703200000, 0x0000000800000000)
  region size 2048K, 3 young (6144K), 3 survivors (6144K)
 Metaspace       used 58905K, committed 60096K, reserved 1105920K
  class space    used 7526K, committed 8128K, reserved 1048576K
}
Event: 627.108 GC heap before
{Heap before GC invocations=90 (full 21):
 garbage-first heap   total 81920K, used 48585K [0x0000000703200000, 0x0000000800000000)
  region size 2048K, 15 young (30720K), 3 survivors (6144K)
 Metaspace       used 58942K, committed 60160K, reserved 1105920K
  class space    used 7531K, committed 8128K, reserved 1048576K
}
Event: 627.144 GC heap after
{Heap after GC invocations=91 (full 22):
 garbage-first heap   total 81920K, used 21672K [0x0000000703200000, 0x0000000800000000)
  region size 2048K, 0 young (0K), 0 survivors (0K)
 Metaspace       used 58936K, committed 60160K, reserved 1105920K
  class space    used 7530K, committed 8128K, reserved 1048576K
}
Event: 627.577 GC heap before
{Heap before GC invocations=91 (full 22):
 garbage-first heap   total 81920K, used 62632K [0x0000000703200000, 0x0000000800000000)
  region size 2048K, 20 young (40960K), 0 survivors (0K)
 Metaspace       used 58977K, committed 60160K, reserved 1105920K
  class space    used 7539K, committed 8128K, reserved 1048576K
}
Event: 627.579 GC heap after
{Heap after GC invocations=92 (full 22):
 garbage-first heap   total 81920K, used 24504K [0x0000000703200000, 0x0000000800000000)
  region size 2048K, 2 young (4096K), 2 survivors (4096K)
 Metaspace       used 58977K, committed 60160K, reserved 1105920K
  class space    used 7539K, committed 8128K, reserved 1048576K
}
Event: 627.929 GC heap before
{Heap before GC invocations=92 (full 22):
 garbage-first heap   total 81920K, used 61368K [0x0000000703200000, 0x0000000800000000)
  region size 2048K, 20 young (40960K), 2 survivors (4096K)
 Metaspace       used 59109K, committed 60288K, reserved 1105920K
  class space    used 7550K, committed 8128K, reserved 1048576K
}
Event: 627.932 GC heap after
{Heap after GC invocations=93 (full 22):
 garbage-first heap   total 81920K, used 26130K [0x0000000703200000, 0x0000000800000000)
  region size 2048K, 3 young (6144K), 3 survivors (6144K)
 Metaspace       used 59109K, committed 60288K, reserved 1105920K
  class space    used 7550K, committed 8128K, reserved 1048576K
}
Event: 629.656 GC heap before
{Heap before GC invocations=93 (full 22):
 garbage-first heap   total 81920K, used 48658K [0x0000000703200000, 0x0000000800000000)
  region size 2048K, 15 young (30720K), 3 survivors (6144K)
 Metaspace       used 59142K, committed 60352K, reserved 1105920K
  class space    used 7555K, committed 8128K, reserved 1048576K
}
Event: 629.694 GC heap after
{Heap after GC invocations=94 (full 23):
 garbage-first heap   total 81920K, used 21820K [0x0000000703200000, 0x0000000800000000)
  region size 2048K, 0 young (0K), 0 survivors (0K)
 Metaspace       used 59136K, committed 60352K, reserved 1105920K
  class space    used 7554K, committed 8128K, reserved 1048576K
}
Event: 630.029 GC heap before
{Heap before GC invocations=94 (full 23):
 garbage-first heap   total 81920K, used 62780K [0x0000000703200000, 0x0000000800000000)
  region size 2048K, 20 young (40960K), 0 survivors (0K)
 Metaspace       used 59177K, committed 60416K, reserved 1105920K
  class space    used 7563K, committed 8192K, reserved 1048576K
}
Event: 630.031 GC heap after
{Heap after GC invocations=95 (full 23):
 garbage-first heap   total 81920K, used 24898K [0x0000000703200000, 0x0000000800000000)
  region size 2048K, 2 young (4096K), 2 survivors (4096K)
 Metaspace       used 59177K, committed 60416K, reserved 1105920K
  class space    used 7563K, committed 8192K, reserved 1048576K
}
Event: 630.338 GC heap before
{Heap before GC invocations=95 (full 23):
 garbage-first heap   total 81920K, used 59714K [0x0000000703200000, 0x0000000800000000)
  region size 2048K, 20 young (40960K), 2 survivors (4096K)
 Metaspace       used 59306K, committed 60544K, reserved 1105920K
  class space    used 7575K, committed 8192K, reserved 1048576K
}
Event: 630.341 GC heap after
{Heap after GC invocations=96 (full 23):
 garbage-first heap   total 81920K, used 26208K [0x0000000703200000, 0x0000000800000000)
  region size 2048K, 3 young (6144K), 3 survivors (6144K)
 Metaspace       used 59306K, committed 60544K, reserved 1105920K
  class space    used 7575K, committed 8192K, reserved 1048576K
}

